\BOOKMARK [1][-]{section.1}{Introduction}{}% 1
\BOOKMARK [1][-]{section.2}{Mise en contexte}{}% 2
\BOOKMARK [1][-]{section.3}{D\351finition des objectifs}{}% 3
\BOOKMARK [1][-]{section.4}{Solution de contr\364le du bras Jaco d\351velopp\351e sous Windows}{}% 4
\BOOKMARK [2][-]{subsection.4.1}{Exemple d'impl\351mentation}{section.4}% 5
\BOOKMARK [3][-]{subsubsection.4.1.1}{Visual Studio}{subsection.4.1}% 6
\BOOKMARK [3][-]{subsubsection.4.1.2}{Cr\351ation d'un projet}{subsection.4.1}% 7
\BOOKMARK [3][-]{subsubsection.4.1.3}{D\351finition du fichier principal du projet}{subsection.4.1}% 8
\BOOKMARK [3][-]{subsubsection.4.1.4}{Utilisation d'un joystick}{subsection.4.1}% 9
\BOOKMARK [3][-]{subsubsection.4.1.5}{Lien avec Matlab}{subsection.4.1}% 10
\BOOKMARK [2][-]{subsection.4.2}{Conclusion}{section.4}% 11
\BOOKMARK [1][-]{section.5}{Solution de contr\364le du bras UR5 d\351velopp\351e sous Windows}{}% 12
\BOOKMARK [2][-]{subsection.5.1}{URsim et son utilisation}{section.5}% 13
\BOOKMARK [2][-]{subsection.5.2}{Lien URsim-Matlab}{section.5}% 14
\BOOKMARK [3][-]{subsubsection.5.2.1}{Manipulations dans URsim}{subsection.5.2}% 15
\BOOKMARK [3][-]{subsubsection.5.2.2}{Interface Matlab-URsim}{subsection.5.2}% 16
\BOOKMARK [2][-]{subsection.5.3}{Logiciel de visualistion VRep}{section.5}% 17
\BOOKMARK [3][-]{subsubsection.5.3.1}{Installation de VRep}{subsection.5.3}% 18
\BOOKMARK [3][-]{subsubsection.5.3.2}{Interface Matlab-VRep}{subsection.5.3}% 19
\BOOKMARK [2][-]{subsection.5.4}{Exemple d'utilisation}{section.5}% 20
\BOOKMARK [2][-]{subsection.5.5}{Conclusion}{section.5}% 21
\BOOKMARK [1][-]{section.6}{Contr\364le du bras Jaco dans le simulateur Gazebo par l'entremise de ROS}{}% 22
\BOOKMARK [2][-]{subsection.6.1}{Description de l'architecture g\351n\351rale de ROS}{section.6}% 23
\BOOKMARK [2][-]{subsection.6.2}{Description du simulateur Gazebo}{section.6}% 24
\BOOKMARK [2][-]{subsection.6.3}{Installation de ROS et de Gazebo}{section.6}% 25
\BOOKMARK [2][-]{subsection.6.4}{Installation de la suite de programmes Jaco}{section.6}% 26
\BOOKMARK [2][-]{subsection.6.5}{Contr\364le du robot jaco en simulation et d'un r\351el bras Jaco}{section.6}% 27
\BOOKMARK [2][-]{subsection.6.6}{Conclusion}{section.6}% 28
\BOOKMARK [1][-]{appendix.A}{Exemple de code pour contr\364le du bras Jaco sur Windows}{}% 29
\BOOKMARK [1][-]{appendix.B}{Manuel de programmation URscript}{}% 30
\BOOKMARK [1][-]{appendix.C}{Fonctions de l'API VRep}{}% 31
